0 info it worked if it ends with ok
1 verbose cli [ 'node',
1 verbose cli   '/usr/local/bin/npm',
1 verbose cli   'install',
1 verbose cli   'node-normalize-css',
1 verbose cli   '--save-dev' ]
2 info using npm@2.14.2
3 info using node@v0.12.7
4 verbose node symlink /usr/local/bin/node
5 verbose install initial load of /Users/bonnichiwa/Thinkful/flappy-bird/package.json
6 warn package.json flappy-bird@1.0.0 No README data
7 verbose installManyTop reading scoped package data from /Users/bonnichiwa/Thinkful/flappy-bird/node_modules/browserify/package.json
8 verbose installManyTop reading scoped package data from /Users/bonnichiwa/Thinkful/flappy-bird/node_modules/gulp/package.json
9 verbose installManyTop reading scoped package data from /Users/bonnichiwa/Thinkful/flappy-bird/node_modules/gulp-bower/package.json
10 verbose installManyTop reading scoped package data from /Users/bonnichiwa/Thinkful/flappy-bird/node_modules/gulp-concat/package.json
11 verbose installManyTop reading scoped package data from /Users/bonnichiwa/Thinkful/flappy-bird/node_modules/gulp-connect/package.json
12 verbose installManyTop reading scoped package data from /Users/bonnichiwa/Thinkful/flappy-bird/node_modules/gulp-imagemin/package.json
13 verbose installManyTop reading scoped package data from /Users/bonnichiwa/Thinkful/flappy-bird/node_modules/gulp-jshint/package.json
14 verbose installManyTop reading scoped package data from /Users/bonnichiwa/Thinkful/flappy-bird/node_modules/gulp-minify-html/package.json
15 verbose installManyTop reading scoped package data from /Users/bonnichiwa/Thinkful/flappy-bird/node_modules/gulp-rename/package.json
16 verbose installManyTop reading scoped package data from /Users/bonnichiwa/Thinkful/flappy-bird/node_modules/gulp-sass/package.json
17 verbose installManyTop reading scoped package data from /Users/bonnichiwa/Thinkful/flappy-bird/node_modules/gulp-uglify/package.json
18 verbose installManyTop reading scoped package data from /Users/bonnichiwa/Thinkful/flappy-bird/node_modules/node-bourbon/package.json
19 verbose installManyTop reading scoped package data from /Users/bonnichiwa/Thinkful/flappy-bird/node_modules/node-neat/package.json
20 verbose installManyTop reading scoped package data from /Users/bonnichiwa/Thinkful/flappy-bird/node_modules/vinyl-buffer/package.json
21 verbose installManyTop reading scoped package data from /Users/bonnichiwa/Thinkful/flappy-bird/node_modules/vinyl-source-stream/package.json
22 info package.json gulp-rename@1.2.2 No license field.
23 verbose readDependencies loading dependencies from /Users/bonnichiwa/Thinkful/flappy-bird/package.json
24 silly cache add args [ 'node-normalize-css', null ]
25 verbose cache add spec node-normalize-css
26 silly cache add parsed spec { raw: 'node-normalize-css',
26 silly cache add   scope: null,
26 silly cache add   name: 'node-normalize-css',
26 silly cache add   rawSpec: '',
26 silly cache add   spec: '*',
26 silly cache add   type: 'range' }
27 silly addNamed node-normalize-css@*
28 verbose addNamed "*" is a valid semver range for node-normalize-css
29 silly addNameRange { name: 'node-normalize-css', range: '*', hasData: false }
30 silly mapToRegistry name node-normalize-css
31 silly mapToRegistry using default registry
32 silly mapToRegistry registry https://registry.npmjs.org/
33 silly mapToRegistry uri https://registry.npmjs.org/node-normalize-css
34 verbose addNameRange registry:https://registry.npmjs.org/node-normalize-css not in flight; fetching
35 verbose request uri https://registry.npmjs.org/node-normalize-css
36 verbose request no auth needed
37 info attempt registry request try #1 at 16:36:58
38 verbose request id 7c7951dafd140f4f
39 http request GET https://registry.npmjs.org/node-normalize-css
40 http 404 https://registry.npmjs.org/node-normalize-css
41 verbose headers { 'content-type': 'application/json',
41 verbose headers   'cache-control': 'max-age=0',
41 verbose headers   'content-length': '2',
41 verbose headers   'accept-ranges': 'bytes',
41 verbose headers   date: 'Tue, 08 Sep 2015 20:36:58 GMT',
41 verbose headers   via: '1.1 varnish',
41 verbose headers   age: '0',
41 verbose headers   connection: 'keep-alive',
41 verbose headers   'x-served-by': 'cache-ord1730-ORD',
41 verbose headers   'x-cache': 'MISS',
41 verbose headers   'x-cache-hits': '0',
41 verbose headers   'x-timer': 'S1441744618.949908,VS0,VE39' }
42 silly get cb [ 404,
42 silly get   { 'content-type': 'application/json',
42 silly get     'cache-control': 'max-age=0',
42 silly get     'content-length': '2',
42 silly get     'accept-ranges': 'bytes',
42 silly get     date: 'Tue, 08 Sep 2015 20:36:58 GMT',
42 silly get     via: '1.1 varnish',
42 silly get     age: '0',
42 silly get     connection: 'keep-alive',
42 silly get     'x-served-by': 'cache-ord1730-ORD',
42 silly get     'x-cache': 'MISS',
42 silly get     'x-cache-hits': '0',
42 silly get     'x-timer': 'S1441744618.949908,VS0,VE39' } ]
43 verbose stack Error: Registry returned 404 for GET on https://registry.npmjs.org/node-normalize-css
43 verbose stack     at makeError (/usr/local/lib/node_modules/npm/node_modules/npm-registry-client/lib/request.js:263:12)
43 verbose stack     at CachingRegistryClient.<anonymous> (/usr/local/lib/node_modules/npm/node_modules/npm-registry-client/lib/request.js:241:14)
43 verbose stack     at Request._callback (/usr/local/lib/node_modules/npm/node_modules/npm-registry-client/lib/request.js:171:14)
43 verbose stack     at Request.self.callback (/usr/local/lib/node_modules/npm/node_modules/request/request.js:198:22)
43 verbose stack     at Request.emit (events.js:110:17)
43 verbose stack     at Request.<anonymous> (/usr/local/lib/node_modules/npm/node_modules/request/request.js:1073:14)
43 verbose stack     at Request.emit (events.js:129:20)
43 verbose stack     at IncomingMessage.<anonymous> (/usr/local/lib/node_modules/npm/node_modules/request/request.js:1019:12)
43 verbose stack     at IncomingMessage.emit (events.js:129:20)
43 verbose stack     at _stream_readable.js:908:16
44 verbose statusCode 404
45 verbose pkgid node-normalize-css
46 verbose cwd /Users/bonnichiwa/Thinkful/flappy-bird/site/scss
47 error Darwin 14.3.0
48 error argv "node" "/usr/local/bin/npm" "install" "node-normalize-css" "--save-dev"
49 error node v0.12.7
50 error npm  v2.14.2
51 error code E404
52 error 404 Registry returned 404 for GET on https://registry.npmjs.org/node-normalize-css
52 error 404
52 error 404 'node-normalize-css' is not in the npm registry.
52 error 404 You should bug the author to publish it (or use the name yourself!)
52 error 404 It was specified as a dependency of 'flappy-bird'
52 error 404
52 error 404 Note that you can also install from a
52 error 404 tarball, folder, http url, or git url.
53 verbose exit [ 1, true ]
